{
  "uid" : "d4cf09b8197ff907",
  "name" : "Merchant Self pickup",
  "historyId" : "05c1f7a665e131eaea6887db2fe48f69",
  "time" : {
    "start" : 1591958089365,
    "stop" : 1591958145055,
    "duration" : 55690
  },
  "status" : "broken",
  "statusMessage" : "selenium.common.exceptions.TimeoutException: Message: \n\n",
  "statusTrace" : "  File \"/usr/local/lib/python3.7/site-packages/behave/model.py\", line 1329, in run\n    match.run(runner.context)\n  File \"/usr/local/lib/python3.7/site-packages/behave/matchers.py\", line 98, in run\n    self.func(context, *args, **kwargs)\n  File \"/Users/venky/DEV/qa_automation-test/features/steps/FB/BEEP_basic_flow_step_def.py\", line 128, in step_impl\n    intermediate_process(context)\n  File \"/Users/venky/DEV/qa_automation-test/features/steps/FB/BEEP_basic_flow_step_def.py\", line 23, in intermediate_process\n    context.order.legal_drinking_age()\n  File \"/Users/venky/DEV/qa_automation-test/features/pages/beep/BEEP_order_page.py\", line 55, in legal_drinking_age\n    Actions(self.driver).element_to_be_clickable(20, Locator.yes_i_am)\n  File \"/Users/venky/DEV/qa_automation-test/util/commonfunctions.py\", line 57, in element_to_be_clickable\n    WebDriverWait(self.driver, time).until(ec.element_to_be_clickable((By.XPATH, xpath)))\n  File \"/usr/local/lib/python3.7/site-packages/selenium/webdriver/support/wait.py\", line 80, in until\n    raise TimeoutException(message, screen, stacktrace)\n",
  "flaky" : false,
  "newFailed" : false,
  "beforeStages" : [ ],
  "testStage" : {
    "status" : "broken",
    "statusMessage" : "selenium.common.exceptions.TimeoutException: Message: \n\n",
    "statusTrace" : "  File \"/usr/local/lib/python3.7/site-packages/behave/model.py\", line 1329, in run\n    match.run(runner.context)\n  File \"/usr/local/lib/python3.7/site-packages/behave/matchers.py\", line 98, in run\n    self.func(context, *args, **kwargs)\n  File \"/Users/venky/DEV/qa_automation-test/features/steps/FB/BEEP_basic_flow_step_def.py\", line 128, in step_impl\n    intermediate_process(context)\n  File \"/Users/venky/DEV/qa_automation-test/features/steps/FB/BEEP_basic_flow_step_def.py\", line 23, in intermediate_process\n    context.order.legal_drinking_age()\n  File \"/Users/venky/DEV/qa_automation-test/features/pages/beep/BEEP_order_page.py\", line 55, in legal_drinking_age\n    Actions(self.driver).element_to_be_clickable(20, Locator.yes_i_am)\n  File \"/Users/venky/DEV/qa_automation-test/util/commonfunctions.py\", line 57, in element_to_be_clickable\n    WebDriverWait(self.driver, time).until(ec.element_to_be_clickable((By.XPATH, xpath)))\n  File \"/usr/local/lib/python3.7/site-packages/selenium/webdriver/support/wait.py\", line 80, in until\n    raise TimeoutException(message, screen, stacktrace)\n",
    "steps" : [ {
      "name" : "Given Navigate to a store and choose Self pickup",
      "time" : {
        "start" : 1591958101861,
        "stop" : 1591958118984,
        "duration" : 17123
      },
      "status" : "passed",
      "steps" : [ ],
      "attachments" : [ ],
      "parameters" : [ ],
      "stepsCount" : 0,
      "attachmentsCount" : 0,
      "shouldDisplayMessage" : false,
      "hasContent" : false
    }, {
      "name" : "When Add an item into cart and fill pickup information",
      "time" : {
        "start" : 1591958118984,
        "stop" : 1591958145054,
        "duration" : 26070
      },
      "status" : "broken",
      "statusMessage" : "selenium.common.exceptions.TimeoutException: Message: \n\n",
      "statusTrace" : "  File \"/usr/local/lib/python3.7/site-packages/behave/model.py\", line 1329, in run\n    match.run(runner.context)\n  File \"/usr/local/lib/python3.7/site-packages/behave/matchers.py\", line 98, in run\n    self.func(context, *args, **kwargs)\n  File \"/Users/venky/DEV/qa_automation-test/features/steps/FB/BEEP_basic_flow_step_def.py\", line 128, in step_impl\n    intermediate_process(context)\n  File \"/Users/venky/DEV/qa_automation-test/features/steps/FB/BEEP_basic_flow_step_def.py\", line 23, in intermediate_process\n    context.order.legal_drinking_age()\n  File \"/Users/venky/DEV/qa_automation-test/features/pages/beep/BEEP_order_page.py\", line 55, in legal_drinking_age\n    Actions(self.driver).element_to_be_clickable(20, Locator.yes_i_am)\n  File \"/Users/venky/DEV/qa_automation-test/util/commonfunctions.py\", line 57, in element_to_be_clickable\n    WebDriverWait(self.driver, time).until(ec.element_to_be_clickable((By.XPATH, xpath)))\n  File \"/usr/local/lib/python3.7/site-packages/selenium/webdriver/support/wait.py\", line 80, in until\n    raise TimeoutException(message, screen, stacktrace)\n",
      "steps" : [ ],
      "attachments" : [ ],
      "parameters" : [ ],
      "stepsCount" : 0,
      "attachmentsCount" : 0,
      "shouldDisplayMessage" : true,
      "hasContent" : true
    }, {
      "name" : "Then payment process",
      "time" : {
        "start" : 1591958145055,
        "stop" : 1591958145055,
        "duration" : 0
      },
      "status" : "skipped",
      "steps" : [ ],
      "attachments" : [ ],
      "parameters" : [ ],
      "stepsCount" : 0,
      "attachmentsCount" : 0,
      "shouldDisplayMessage" : false,
      "hasContent" : false
    } ],
    "attachments" : [ ],
    "parameters" : [ ],
    "stepsCount" : 3,
    "attachmentsCount" : 0,
    "shouldDisplayMessage" : false,
    "hasContent" : true
  },
  "afterStages" : [ ],
  "labels" : [ {
    "name" : "severity",
    "value" : "normal"
  }, {
    "name" : "tag",
    "value" : "FB"
  }, {
    "name" : "tag",
    "value" : "beep.delivery"
  }, {
    "name" : "tag",
    "value" : "fixture.platform.chrome"
  }, {
    "name" : "tag",
    "value" : "smoke"
  }, {
    "name" : "feature",
    "value" : "Ordering and payment flow"
  }, {
    "name" : "framework",
    "value" : "behave"
  }, {
    "name" : "language",
    "value" : "cpython3"
  }, {
    "name" : "resultFormat",
    "value" : "allure2"
  } ],
  "parameters" : [ ],
  "links" : [ ],
  "hidden" : false,
  "retry" : false,
  "extra" : {
    "severity" : "normal",
    "retries" : [ ],
    "categories" : [ {
      "name" : "Test defects",
      "matchedStatuses" : [ ],
      "flaky" : false
    } ],
    "tags" : [ "fixture.platform.chrome", "smoke", "FB", "beep.delivery" ]
  },
  "source" : "d4cf09b8197ff907.json",
  "parameterValues" : [ ]
}